<?xml version="1.0" encoding="UTF-8"?>
<!-- Generated by org.testng.reporters.JUnitReportReporter -->
<testsuite skipped="0" hostname="LAPTOP-3N46RTJT" name="tests.Testing2" tests="2" failures="0" timestamp="21 Mar 2020 20:27:48 GMT" time="0.030" errors="0">
  <testcase name="test4" time="0.028" classname="tests.Testing2"/>
  <testcase name="test5" time="0.002" classname="tests.Testing2"/>
</testsuite> <!-- tests.Testing2 -->
