<?xml version="1.0" encoding="UTF-8"?>
<!-- Generated by org.testng.reporters.JUnitReportReporter -->
<testsuite skipped="0" hostname="LAPTOP-3N46RTJT" name="tests.Testing1" tests="5" failures="0" timestamp="21 Mar 2020 20:27:48 GMT" time="0.025" errors="0">
  <testcase name="Test1" time="0.011" classname="tests.Testing1"/>
  <testcase name="Test3" time="0.003" classname="tests.Testing1"/>
  <testcase name="Test2" time="0.003" classname="tests.Testing1"/>
  <testcase name="f" time="0.004" classname="tests.Testing1"/>
  <testcase name="f" time="0.004" classname="tests.Testing1"/>
</testsuite> <!-- tests.Testing1 -->
